Start testing: Dec 30 14:39 CET
----------------------------------------------------------
1/1 Testing: boostUnitTestsRun
1/1 Test: boostUnitTestsRun
Command: "/home/paul/Pulpit/AISDI-lab/DO_mapy/AISDI-MapV3/Debug/tests/aisdiMapsTests"
Directory: /home/paul/Pulpit/AISDI-lab/DO_mapy/AISDI-MapV3/Debug/tests
"boostUnitTestsRun" start time: Dec 30 14:39 CET
Output:
----------------------------------------------------------
Running 294 test cases...

[1;32;49m*** No errors detected
[0;39;49m
<end of output>
Test time =  38.47 sec
----------------------------------------------------------
Test Passed.
"boostUnitTestsRun" end time: Dec 30 14:39 CET
"boostUnitTestsRun" time elapsed: 00:00:38
----------------------------------------------------------

End testing: Dec 30 14:39 CET
